<?xml version="1.0" encoding="UTF-8"?>
<!-- Generated by org.testng.reporters.JUnitReportReporter -->
<testsuite hostname="ATMECSINDT-066" failures="0" tests="1" name="com.atmecs.demoqa.testscrpits.ProductPageTest" time="3.490" errors="0" timestamp="28 Aug 2019 13:30:45 GMT" skipped="0">
  <testcase classname="com.atmecs.demoqa.testscrpits.ProductPageTest" name="navigateTo" time="3.490"/>
</testsuite> <!-- com.atmecs.demoqa.testscrpits.ProductPageTest -->
