<?xml version="1.0" encoding="UTF-8"?>
<!-- Generated by org.testng.reporters.JUnitReportReporter -->
<testsuite hostname="ATMECSINDT-066" failures="0" tests="1" name="com.atmecs.demoqa.extendreports.Demo" time="0.016" errors="0" timestamp="2019-08-29T17:49:18 IST" skipped="0">
  <testcase classname="com.atmecs.demoqa.extendreports.Demo" name="test" time="0.016"/>
</testsuite> <!-- com.atmecs.demoqa.extendreports.Demo -->
