<?xml version="1.0" encoding="UTF-8"?>
<!-- Generated by org.testng.reporters.JUnitReportReporter -->
<testsuite hostname="ATMECSINDT-066" failures="0" tests="1" name="com.qa.constants.Demo" time="0.006" errors="0" timestamp="27 Aug 2019 08:25:05 GMT" skipped="0">
  <testcase classname="com.qa.constants.Demo" name="test1" time="0.006"/>
</testsuite> <!-- com.qa.constants.Demo -->
