<?xml version="1.0" encoding="UTF-8"?>
<!-- Generated by org.testng.reporters.JUnitReportReporter -->
<testsuite hostname="ATMECSINDT-066" failures="0" tests="3" name="com.atmecs.demoqa.testscrpits.Test1" time="0.033" errors="0" timestamp="27 Aug 2019 13:52:54 GMT" skipped="0">
  <testcase classname="com.atmecs.demoqa.testscrpits.Test1" name="test3" time="0.005"/>
  <testcase classname="com.atmecs.demoqa.testscrpits.Test1" name="test2" time="0.000"/>
  <testcase classname="com.atmecs.demoqa.testscrpits.Test1" name="test1" time="0.028"/>
</testsuite> <!-- com.atmecs.demoqa.testscrpits.Test1 -->
