<?xml version="1.0" encoding="UTF-8"?>
<!-- Generated by org.testng.reporters.JUnitReportReporter -->
<testsuite hostname="ATMECSINDT-066" failures="0" tests="1" name="com.atmecs.demoqa.testscrpits.ProductPageTest" time="3.387" errors="0" timestamp="28 Aug 2019 14:20:30 GMT" skipped="0">
  <testcase classname="com.atmecs.demoqa.testscrpits.ProductPageTest" name="navigateAndFilter" time="3.387"/>
</testsuite> <!-- com.atmecs.demoqa.testscrpits.ProductPageTest -->
